<?xml version="1.0" encoding="UTF-8"?>
<!-- Generated by org.testng.reporters.JUnitReportReporter -->
<testsuite skipped="0" hostname="LAPTOP-BSLDAL9Q" name="com.demowebshop.testscripts.RegisterTest" tests="1" failures="0" timestamp="2021-11-25T19:14:14 IST" time="10.992" errors="0">
  <testcase name="verifyUserRegistration" time="10.992" classname="com.demowebshop.testscripts.RegisterTest"/>
  <system-out/>
</testsuite> <!-- com.demowebshop.testscripts.RegisterTest -->
