<?xml version="1.0" encoding="UTF-8"?>
<!-- Generated by org.testng.reporters.JUnitReportReporter -->
<testsuite skipped="0" hostname="LAPTOP-BSLDAL9Q" name="com.demowebshop.testscripts.HomeTest" tests="1" failures="0" timestamp="2021-11-24T07:57:29 IST" time="6.760" errors="0">
  <testcase name="verifyHomePageTitle" time="6.760" classname="com.demowebshop.testscripts.HomeTest"/>
  <system-out/>
</testsuite> <!-- com.demowebshop.testscripts.HomeTest -->
